Arguments: 
  C:\Program Files\nodejs\node.exe C:\Program Files (x86)\Yarn\bin\yarn.js add style-components

PATH: 
  C:\Windows\system32;C:\Windows;C:\Windows\System32\Wbem;C:\Windows\System32\WindowsPowerShell\v1.0\;C:\Windows\System32\OpenSSH\;C:\Program Files\nodejs\;C:\Program Files\Git\cmd;C:\wamp\bin\php\php7.3.5;C:\ProgramData\ComposerSetup\bin;C:\Program Files (x86)\Yarn\bin\;C:\Users\erick\AppData\Local\Programs\Python\Python38-32\Scripts;C:\Users\erick\AppData\Local\Programs\Python\Python38-32;C:\Users\erick\AppData\Local\Microsoft\WindowsApps;C:\Users\erick\AppData\Local\Programs\Microsoft VS Code\bin;C:\Users\erick\AppData\Roaming\npm;C:\Users\erick\AppData\Roaming\Composer\vendor\bin;C:\Users\erick\AppData\Local\Yarn\bin;C:\Program Files\JetBrains\PyCharm Community Edition 2019.2.4\bin;;C:\Users\erick\AppData\Local\Programs\Python\Python38-32\Scripts;C:\Users\erick\AppData\Local\Programs\Python\Python38-32;

Yarn version: 
  1.19.1

Node version: 
  12.13.0

Platform: 
  win32 x64

Trace: 
  Error: https://registry.yarnpkg.com/style-components: Not found
      at Request.params.callback [as _callback] (C:\Program Files (x86)\Yarn\lib\cli.js:66035:18)
      at Request.self.callback (C:\Program Files (x86)\Yarn\lib\cli.js:140564:22)
      at Request.emit (events.js:210:5)
      at Request.<anonymous> (C:\Program Files (x86)\Yarn\lib\cli.js:141536:10)
      at Request.emit (events.js:210:5)
      at IncomingMessage.<anonymous> (C:\Program Files (x86)\Yarn\lib\cli.js:141458:12)
      at Object.onceWrapper (events.js:299:28)
      at IncomingMessage.emit (events.js:215:7)
      at endReadableNT (_stream_readable.js:1183:12)
      at processTicksAndRejections (internal/process/task_queues.js:80:21)

npm manifest: 
  {
    "name": "pagination-react",
    "version": "1.0.0",
    "description": "This is a paging component in react.",
    "main": ".src/index.js",
    "scripts": {
      "test": "echo \"Error: no test specified\" && exit 1"
    },
    "keywords": [
      "npm",
      "paginagion-react",
      "react",
      "pagination"
    ],
    "author": "Erick de Oliveira - KikitosDevs <!-- erickbandinellioliver@gmail.com  -->",
    "license": "MIT"
  }

yarn manifest: 
  No manifest

Lockfile: 
  No lockfile
